{"/home/oizoiui/Documents/Mobile/event-booking-app/backend/src/controllers/auth.controller.ts": {"path":"/home/oizoiui/Documents/Mobile/event-booking-app/backend/src/controllers/auth.controller.ts","statementMap":{"0":{"start":{"line":2,"column":0},"end":{"line":2,"column":53}},"1":{"start":{"line":3,"column":0},"end":{"line":3,"column":40}},"2":{"start":{"line":4,"column":0},"end":{"line":4,"column":30}},"3":{"start":{"line":5,"column":0},"end":{"line":5,"column":28}},"4":{"start":{"line":6,"column":0},"end":{"line":6,"column":55}},"5":{"start":{"line":7,"column":0},"end":{"line":7,"column":47}},"6":{"start":{"line":9,"column":21},"end":{"line":21,"column":2}},"7":{"start":{"line":9,"column":37},"end":{"line":21,"column":2}},"8":{"start":{"line":23,"column":24},"end":{"line":31,"column":1}},"9":{"start":{"line":24,"column":19},"end":{"line":24,"column":40}},"10":{"start":{"line":25,"column":4},"end":{"line":25,"column":83}},"11":{"start":{"line":25,"column":27},"end":{"line":25,"column":83}},"12":{"start":{"line":26,"column":38},"end":{"line":26,"column":99}},"13":{"start":{"line":27,"column":19},"end":{"line":27,"column":48}},"14":{"start":{"line":28,"column":4},"end":{"line":28,"column":79}},"15":{"start":{"line":28,"column":16},"end":{"line":28,"column":79}},"16":{"start":{"line":29,"column":17},"end":{"line":29,"column":61}},"17":{"start":{"line":30,"column":4},"end":{"line":30,"column":52}},"18":{"start":{"line":23,"column":13},"end":{"line":23,"column":24}},"19":{"start":{"line":34,"column":21},"end":{"line":42,"column":1}},"20":{"start":{"line":35,"column":32},"end":{"line":35,"column":79}},"21":{"start":{"line":36,"column":17},"end":{"line":36,"column":66}},"22":{"start":{"line":37,"column":4},"end":{"line":37,"column":79}},"23":{"start":{"line":37,"column":15},"end":{"line":37,"column":79}},"24":{"start":{"line":39,"column":20},"end":{"line":39,"column":65}},"25":{"start":{"line":40,"column":4},"end":{"line":40,"column":82}},"26":{"start":{"line":40,"column":18},"end":{"line":40,"column":82}},"27":{"start":{"line":41,"column":4},"end":{"line":41,"column":33}},"28":{"start":{"line":34,"column":13},"end":{"line":34,"column":21}},"29":{"start":{"line":44,"column":18},"end":{"line":46,"column":1}},"30":{"start":{"line":45,"column":4},"end":{"line":45,"column":23}},"31":{"start":{"line":44,"column":13},"end":{"line":44,"column":18}},"32":{"start":{"line":48,"column":26},"end":{"line":48,"column":86}},"33":{"start":{"line":48,"column":32},"end":{"line":48,"column":86}},"34":{"start":{"line":49,"column":22},"end":{"line":49,"column":94}},"35":{"start":{"line":49,"column":40},"end":{"line":49,"column":94}},"36":{"start":{"line":51,"column":30},"end":{"line":94,"column":1}},"37":{"start":{"line":52,"column":19},"end":{"line":52,"column":40}},"38":{"start":{"line":53,"column":4},"end":{"line":53,"column":83}},"39":{"start":{"line":53,"column":27},"end":{"line":53,"column":83}},"40":{"start":{"line":55,"column":22},"end":{"line":55,"column":51}},"41":{"start":{"line":56,"column":28},"end":{"line":56,"column":54}},"42":{"start":{"line":57,"column":17},"end":{"line":57,"column":114}},"43":{"start":{"line":59,"column":4},"end":{"line":59,"column":95}},"44":{"start":{"line":59,"column":15},"end":{"line":59,"column":95}},"45":{"start":{"line":61,"column":22},"end":{"line":61,"column":41}},"46":{"start":{"line":62,"column":22},"end":{"line":62,"column":59}},"47":{"start":{"line":64,"column":4},"end":{"line":64,"column":54}},"48":{"start":{"line":65,"column":4},"end":{"line":65,"column":42}},"49":{"start":{"line":66,"column":4},"end":{"line":66,"column":22}},"50":{"start":{"line":68,"column":4},"end":{"line":93,"column":5}},"51":{"start":{"line":69,"column":8},"end":{"line":83,"column":11}},"52":{"start":{"line":85,"column":8},"end":{"line":85,"column":88}},"53":{"start":{"line":87,"column":8},"end":{"line":89,"column":9}},"54":{"start":{"line":88,"column":12},"end":{"line":88,"column":88}},"55":{"start":{"line":91,"column":8},"end":{"line":91,"column":61}},"56":{"start":{"line":92,"column":8},"end":{"line":92,"column":79}},"57":{"start":{"line":51,"column":13},"end":{"line":51,"column":30}},"58":{"start":{"line":96,"column":29},"end":{"line":129,"column":1}},"59":{"start":{"line":97,"column":19},"end":{"line":97,"column":40}},"60":{"start":{"line":98,"column":4},"end":{"line":98,"column":83}},"61":{"start":{"line":98,"column":27},"end":{"line":98,"column":83}},"62":{"start":{"line":104,"column":8},"end":{"line":104,"column":null}},"63":{"start":{"line":110,"column":28},"end":{"line":110,"column":54}},"64":{"start":{"line":111,"column":27},"end":{"line":111,"column":38}},"65":{"start":{"line":113,"column":17},"end":{"line":113,"column":124}},"66":{"start":{"line":115,"column":4},"end":{"line":117,"column":5}},"67":{"start":{"line":116,"column":8},"end":{"line":116,"column":82}},"68":{"start":{"line":119,"column":4},"end":{"line":121,"column":5}},"69":{"start":{"line":120,"column":8},"end":{"line":120,"column":82}},"70":{"start":{"line":123,"column":4},"end":{"line":123,"column":32}},"71":{"start":{"line":124,"column":4},"end":{"line":124,"column":34}},"72":{"start":{"line":125,"column":4},"end":{"line":125,"column":37}},"73":{"start":{"line":126,"column":4},"end":{"line":126,"column":22}},"74":{"start":{"line":128,"column":4},"end":{"line":128,"column":73}},"75":{"start":{"line":96,"column":13},"end":{"line":96,"column":29}}},"fnMap":{"0":{"name":"(anonymous_1)","decl":{"start":{"line":9,"column":21},"end":{"line":9,"column":22}},"loc":{"start":{"line":9,"column":37},"end":{"line":21,"column":2}}},"1":{"name":"(anonymous_2)","decl":{"start":{"line":23,"column":24},"end":{"line":23,"column":29}},"loc":{"start":{"line":23,"column":62},"end":{"line":31,"column":1}}},"2":{"name":"(anonymous_3)","decl":{"start":{"line":34,"column":21},"end":{"line":34,"column":26}},"loc":{"start":{"line":34,"column":59},"end":{"line":42,"column":1}}},"3":{"name":"(anonymous_4)","decl":{"start":{"line":44,"column":18},"end":{"line":44,"column":23}},"loc":{"start":{"line":44,"column":52},"end":{"line":46,"column":1}}},"4":{"name":"(anonymous_5)","decl":{"start":{"line":48,"column":26},"end":{"line":48,"column":29}},"loc":{"start":{"line":48,"column":32},"end":{"line":48,"column":86}}},"5":{"name":"(anonymous_6)","decl":{"start":{"line":49,"column":22},"end":{"line":49,"column":23}},"loc":{"start":{"line":49,"column":40},"end":{"line":49,"column":94}}},"6":{"name":"(anonymous_7)","decl":{"start":{"line":51,"column":30},"end":{"line":51,"column":35}},"loc":{"start":{"line":51,"column":68},"end":{"line":94,"column":1}}},"7":{"name":"(anonymous_8)","decl":{"start":{"line":96,"column":29},"end":{"line":96,"column":34}},"loc":{"start":{"line":96,"column":67},"end":{"line":129,"column":1}}}},"branchMap":{"0":{"loc":{"start":{"line":25,"column":4},"end":{"line":25,"column":83}},"type":"if","locations":[{"start":{"line":25,"column":4},"end":{"line":25,"column":83}},{"start":{},"end":{}}]},"1":{"loc":{"start":{"line":28,"column":4},"end":{"line":28,"column":79}},"type":"if","locations":[{"start":{"line":28,"column":4},"end":{"line":28,"column":79}},{"start":{},"end":{}}]},"2":{"loc":{"start":{"line":37,"column":4},"end":{"line":37,"column":79}},"type":"if","locations":[{"start":{"line":37,"column":4},"end":{"line":37,"column":79}},{"start":{},"end":{}}]},"3":{"loc":{"start":{"line":40,"column":4},"end":{"line":40,"column":82}},"type":"if","locations":[{"start":{"line":40,"column":4},"end":{"line":40,"column":82}},{"start":{},"end":{}}]},"4":{"loc":{"start":{"line":53,"column":4},"end":{"line":53,"column":83}},"type":"if","locations":[{"start":{"line":53,"column":4},"end":{"line":53,"column":83}},{"start":{},"end":{}}]},"5":{"loc":{"start":{"line":59,"column":4},"end":{"line":59,"column":95}},"type":"if","locations":[{"start":{"line":59,"column":4},"end":{"line":59,"column":95}},{"start":{},"end":{}}]},"6":{"loc":{"start":{"line":87,"column":8},"end":{"line":89,"column":9}},"type":"if","locations":[{"start":{"line":87,"column":8},"end":{"line":89,"column":9}},{"start":{},"end":{}}]},"7":{"loc":{"start":{"line":98,"column":4},"end":{"line":98,"column":83}},"type":"if","locations":[{"start":{"line":98,"column":4},"end":{"line":98,"column":83}},{"start":{},"end":{}}]},"8":{"loc":{"start":{"line":115,"column":4},"end":{"line":117,"column":5}},"type":"if","locations":[{"start":{"line":115,"column":4},"end":{"line":117,"column":5}},{"start":{},"end":{}}]},"9":{"loc":{"start":{"line":115,"column":8},"end":{"line":115,"column":70}},"type":"binary-expr","locations":[{"start":{"line":115,"column":8},"end":{"line":115,"column":13}},{"start":{"line":115,"column":17},"end":{"line":115,"column":40}},{"start":{"line":115,"column":44},"end":{"line":115,"column":70}}]},"10":{"loc":{"start":{"line":119,"column":4},"end":{"line":121,"column":5}},"type":"if","locations":[{"start":{"line":119,"column":4},"end":{"line":121,"column":5}},{"start":{},"end":{}}]},"11":{"loc":{"start":{"line":119,"column":8},"end":{"line":119,"column":116}},"type":"binary-expr","locations":[{"start":{"line":119,"column":8},"end":{"line":119,"column":64}},{"start":{"line":119,"column":68},"end":{"line":119,"column":116}}]}},"s":{"0":1,"1":1,"2":1,"3":1,"4":1,"5":1,"6":1,"7":2,"8":1,"9":2,"10":2,"11":0,"12":2,"13":2,"14":2,"15":1,"16":1,"17":1,"18":1,"19":1,"20":2,"21":2,"22":2,"23":1,"24":1,"25":1,"26":0,"27":1,"28":1,"29":1,"30":0,"31":1,"32":1,"33":1,"34":1,"35":1,"36":1,"37":1,"38":1,"39":0,"40":1,"41":1,"42":1,"43":1,"44":0,"45":1,"46":1,"47":1,"48":1,"49":1,"50":1,"51":1,"52":1,"53":0,"54":0,"55":0,"56":0,"57":1,"58":1,"59":0,"60":0,"61":0,"62":0,"63":0,"64":0,"65":0,"66":0,"67":0,"68":0,"69":0,"70":0,"71":0,"72":0,"73":0,"74":0,"75":1},"f":{"0":2,"1":2,"2":2,"3":0,"4":1,"5":1,"6":1,"7":0},"b":{"0":[0,2],"1":[1,1],"2":[1,1],"3":[0,1],"4":[0,1],"5":[0,1],"6":[0,0],"7":[0,0],"8":[0,0],"9":[0,0,0],"10":[0,0],"11":[0,0]}}
}
